{"level":"warn","message":"Examinee adnan not found, cannot login","service":"remote-proctoring-system Backend","timestamp":"2022-06-01 12:15:59"}
{"level":"warn","message":"Administrator admin not found, cannot login","service":"remote-proctoring-system Backend","timestamp":"2022-06-01 12:16:09"}
{"level":"info","message":"Administrator admin registered successfully","service":"remote-proctoring-system Backend","timestamp":"2022-06-01 12:16:26"}
{"level":"warn","message":"Administrator admin not registered successfully","service":"remote-proctoring-system Backend","timestamp":"2022-06-01 12:16:35"}
{"level":"warn","message":"Administrator admin not registered successfully","service":"remote-proctoring-system Backend","timestamp":"2022-06-01 12:17:32"}
{"level":"warn","message":"Administrator adnan not found, cannot login","service":"remote-proctoring-system Backend","timestamp":"2022-06-01 12:17:55"}
{"level":"warn","message":"Administrator adnan not found, cannot login","service":"remote-proctoring-system Backend","timestamp":"2022-06-01 12:18:28"}
{"level":"warn","message":"Administrator adnan not found, cannot login","service":"remote-proctoring-system Backend","timestamp":"2022-06-01 12:19:47"}
{"level":"warn","message":"Administrator adnan not found, cannot login","service":"remote-proctoring-system Backend","timestamp":"2022-06-01 12:25:27"}
{"level":"warn","message":"Administrator adnan not found, cannot login","service":"remote-proctoring-system Backend","timestamp":"2022-06-01 12:25:50"}
{"level":"warn","message":"Administrator admin not logged in successfully","service":"remote-proctoring-system Backend","timestamp":"2022-06-01 12:26:06"}
{"level":"info","message":"Administrator admin registered successfully","service":"remote-proctoring-system Backend","timestamp":"2022-06-01 12:28:53"}
{"level":"info","message":"Administrator admin logged in successfully","service":"remote-proctoring-system Backend","timestamp":"2022-06-01 12:28:53"}
{"level":"warn","message":"Administrator admin not registered successfully","service":"remote-proctoring-system Backend","timestamp":"2022-06-01 12:30:09"}
{"level":"info","message":"Administrator admin logged in successfully","service":"remote-proctoring-system Backend","timestamp":"2022-06-01 12:34:11"}
{"level":"info","message":"Administrator admin logged in successfully","service":"remote-proctoring-system Backend","timestamp":"2022-06-01 12:35:11"}
{"level":"info","message":"Administrator admin logged in successfully","service":"remote-proctoring-system Backend","timestamp":"2022-06-01 12:36:27"}
{"level":"info","message":"Administrator admin logged in successfully","service":"remote-proctoring-system Backend","timestamp":"2022-06-01 12:41:14"}
{"level":"info","message":"Administrator admin logged in successfully","service":"remote-proctoring-system Backend","timestamp":"2022-06-01 12:55:20"}
{"level":"warn","message":"Examinee adnan123 not registered successfully","service":"remote-proctoring-system Backend","timestamp":"2022-06-01 12:57:00"}
{"level":"warn","message":"Examinee adnan not found, cannot login","service":"remote-proctoring-system Backend","timestamp":"2022-06-01 12:57:16"}
{"level":"warn","message":"Examinee adnan not found, cannot login","service":"remote-proctoring-system Backend","timestamp":"2022-06-01 12:57:50"}
{"level":"warn","message":"Examinee adnan not found, cannot login","service":"remote-proctoring-system Backend","timestamp":"2022-06-01 12:57:53"}
{"level":"warn","message":"Examinee adnan123 not registered successfully","service":"remote-proctoring-system Backend","timestamp":"2022-06-01 12:57:55"}
{"level":"warn","message":"Examinee adnan123 not registered successfully","service":"remote-proctoring-system Backend","timestamp":"2022-06-01 12:58:45"}
{"level":"warn","message":"Examinee adnan123 not registered successfully","service":"remote-proctoring-system Backend","timestamp":"2022-06-01 13:00:49"}
{"level":"warn","message":"Examinee adnan123 not registered successfully","service":"remote-proctoring-system Backend","timestamp":"2022-06-01 13:00:52"}
{"level":"warn","message":"Examinee adnan123 not registered successfully","service":"remote-proctoring-system Backend","timestamp":"2022-06-01 13:00:54"}
{"level":"warn","message":"Examinee adnan123 not registered successfully","service":"remote-proctoring-system Backend","timestamp":"2022-06-01 13:01:17"}
{"level":"warn","message":"Examinee adnan123 not registered successfully","service":"remote-proctoring-system Backend","timestamp":"2022-06-01 13:01:57"}
{"level":"warn","message":"Examinee adnan123 not registered successfully","service":"remote-proctoring-system Backend","timestamp":"2022-06-01 13:02:16"}
{"level":"warn","message":"Examinee adnan not registered successfully","service":"remote-proctoring-system Backend","timestamp":"2022-06-01 13:03:29"}
{"level":"warn","message":"Examinee adnan not registered successfully","service":"remote-proctoring-system Backend","timestamp":"2022-06-01 13:04:00"}
{"level":"info","message":"Examinee adnan registered successfully","service":"remote-proctoring-system Backend","timestamp":"2022-06-01 13:05:20"}
{"level":"warn","message":"Examinee adnan not found, cannot login","service":"remote-proctoring-system Backend","timestamp":"2022-06-01 13:05:20"}
{"level":"info","message":"Examinee adnan registered successfully","service":"remote-proctoring-system Backend","timestamp":"2022-06-01 13:05:58"}
{"level":"info","message":"Examinee adnan registered successfully","service":"remote-proctoring-system Backend","timestamp":"2022-06-01 13:08:41"}
{"level":"warn","message":"Examinee adnan not registered successfully","service":"remote-proctoring-system Backend","timestamp":"2022-06-01 13:10:42"}
{"level":"warn","message":"Examinee adnan not registered successfully","service":"remote-proctoring-system Backend","timestamp":"2022-06-01 13:10:43"}
{"level":"warn","message":"Examinee adnan not registered successfully","service":"remote-proctoring-system Backend","timestamp":"2022-06-01 13:10:46"}
{"level":"warn","message":"Examinee adnan not registered successfully","service":"remote-proctoring-system Backend","timestamp":"2022-06-01 13:11:06"}
{"level":"info","message":"Examinee adnan logged in successfully","service":"remote-proctoring-system Backend","timestamp":"2022-06-01 13:12:00"}
{"level":"info","message":"Examinee adnan logged in successfully","service":"remote-proctoring-system Backend","timestamp":"2022-06-01 13:12:03"}
{"level":"info","message":"Examinee adnan logged in successfully","service":"remote-proctoring-system Backend","timestamp":"2022-06-01 13:12:21"}
{"level":"info","message":"Examinee adnan logged in successfully","service":"remote-proctoring-system Backend","timestamp":"2022-06-01 13:13:23"}
{"level":"info","message":"Examinee adnan logged in successfully","service":"remote-proctoring-system Backend","timestamp":"2022-06-01 13:20:32"}
{"level":"info","message":"Examinee adnan logged in successfully","service":"remote-proctoring-system Backend","timestamp":"2022-06-01 13:21:06"}
